2022-07-02 20:42:14.780 [main] INFO  c.a.n.c.c.i.LocalConfigInfoProcessor - LOCAL_SNAPSHOT_PATH:C:\Users\zle09\nacos\config
2022-07-02 20:42:14.804 [main] INFO  c.a.nacos.client.config.impl.Limiter - limitTime:5.0
2022-07-02 20:42:14.825 [main] INFO  c.a.n.client.config.utils.JvmUtil - isMultiInstance:false
2022-07-02 20:42:14.834 [main] WARN  c.a.c.n.c.NacosPropertySourceBuilder - Ignore the empty nacos configuration and get it based on dataId[leadnews-user.yml] & group[DEFAULT_GROUP]
2022-07-02 20:42:14.835 [main] INFO  o.s.c.b.c.PropertySourceBootstrapConfiguration - Located property source: [BootstrapPropertySource {name='bootstrapProperties-leadnews-user.yml,DEFAULT_GROUP'}, BootstrapPropertySource {name='bootstrapProperties-leadnews-user,DEFAULT_GROUP'}]
2022-07-02 20:42:14.839 [main] INFO  com.heima.user.UserApplication - No active profile set, falling back to default profiles: default
2022-07-02 20:42:15.595 [main] WARN  o.s.boot.actuate.endpoint.EndpointId - Endpoint ID 'service-registry' contains invalid characters, please migrate to a valid format.
2022-07-02 20:42:15.696 [main] INFO  o.s.cloud.context.scope.GenericScope - BeanFactory id=6b6f3dfc-564a-3137-9aa3-50192f77bab7
2022-07-02 20:42:16.083 [main] INFO  o.s.b.w.e.tomcat.TomcatWebServer - Tomcat initialized with port(s): 51801 (http)
2022-07-02 20:42:16.093 [main] INFO  o.a.coyote.http11.Http11NioProtocol - Initializing ProtocolHandler ["http-nio-51801"]
2022-07-02 20:42:16.093 [main] INFO  o.a.catalina.core.StandardService - Starting service [Tomcat]
2022-07-02 20:42:16.093 [main] INFO  o.a.catalina.core.StandardEngine - Starting Servlet engine: [Apache Tomcat/9.0.43]
2022-07-02 20:42:16.222 [main] INFO  o.a.c.c.C.[Tomcat].[localhost].[/] - Initializing Spring embedded WebApplicationContext
2022-07-02 20:42:16.222 [main] INFO  o.s.b.w.s.c.ServletWebServerApplicationContext - Root WebApplicationContext: initialization completed in 1367 ms
2022-07-02 20:42:16.908 [main] WARN  c.n.c.sources.URLConfigurationSource - No URLs will be polled as dynamic configuration sources.
2022-07-02 20:42:16.908 [main] INFO  c.n.c.sources.URLConfigurationSource - To enable URLs as dynamic configuration sources, define System property archaius.configurationSource.additionalUrls or make config.properties available on classpath.
2022-07-02 20:42:16.912 [main] WARN  c.n.c.sources.URLConfigurationSource - No URLs will be polled as dynamic configuration sources.
2022-07-02 20:42:16.912 [main] INFO  c.n.c.sources.URLConfigurationSource - To enable URLs as dynamic configuration sources, define System property archaius.configurationSource.additionalUrls or make config.properties available on classpath.
2022-07-02 20:42:17.071 [main] INFO  o.s.s.c.ThreadPoolTaskExecutor - Initializing ExecutorService 'applicationTaskExecutor'
2022-07-02 20:42:17.442 [main] INFO  o.s.s.c.ThreadPoolTaskScheduler - Initializing ExecutorService 'Nacos-Watch-Task-Scheduler'
2022-07-02 20:42:17.449 [main] INFO  com.alibaba.nacos.client.naming - initializer namespace from System Property :null
2022-07-02 20:42:17.450 [main] INFO  com.alibaba.nacos.client.naming - initializer namespace from System Environment :null
2022-07-02 20:42:17.450 [main] INFO  com.alibaba.nacos.client.naming - initializer namespace from System Property :null
2022-07-02 20:42:18.064 [main] INFO  o.s.b.a.e.web.EndpointLinksResolver - Exposing 2 endpoint(s) beneath base path '/actuator'
2022-07-02 20:42:18.214 [main] INFO  o.a.coyote.http11.Http11NioProtocol - Starting ProtocolHandler ["http-nio-51801"]
2022-07-02 20:42:18.238 [main] INFO  o.s.b.w.e.tomcat.TomcatWebServer - Tomcat started on port(s): 51801 (http) with context path ''
2022-07-02 20:42:18.243 [main] INFO  com.alibaba.nacos.client.naming - [BEAT] adding beat: BeatInfo{port=51801, ip='192.168.28.1', weight=1.0, serviceName='DEFAULT_GROUP@@leadnews-user', cluster='DEFAULT', metadata={preserved.register.source=SPRING_CLOUD}, scheduled=false, period=5000, stopped=false} to beat map.
2022-07-02 20:42:18.244 [main] INFO  com.alibaba.nacos.client.naming - [REGISTER-SERVICE] public registering service DEFAULT_GROUP@@leadnews-user with instance: Instance{instanceId='null', ip='192.168.28.1', port=51801, weight=1.0, healthy=true, enabled=true, ephemeral=true, clusterName='DEFAULT', serviceName='null', metadata={preserved.register.source=SPRING_CLOUD}}
2022-07-02 20:42:18.250 [main] INFO  c.a.c.n.r.NacosServiceRegistry - nacos registry, DEFAULT_GROUP leadnews-user 192.168.28.1:51801 register finished
2022-07-02 20:42:18.501 [main] INFO  com.heima.user.UserApplication - Started UserApplication in 5.507 seconds (JVM running for 6.92)
2022-07-02 20:42:18.513 [main] INFO  c.a.n.c.config.impl.ClientWorker - [fixed-192.168.200.130_8848] [subscribe] leadnews-user+DEFAULT_GROUP
2022-07-02 20:42:18.514 [main] INFO  c.a.n.client.config.impl.CacheData - [fixed-192.168.200.130_8848] [add-listener] ok, tenant=, dataId=leadnews-user, group=DEFAULT_GROUP, cnt=1
2022-07-02 20:42:18.514 [main] INFO  c.a.n.c.config.impl.ClientWorker - [fixed-192.168.200.130_8848] [subscribe] leadnews-user.yml+DEFAULT_GROUP
2022-07-02 20:42:18.515 [main] INFO  c.a.n.client.config.impl.CacheData - [fixed-192.168.200.130_8848] [add-listener] ok, tenant=, dataId=leadnews-user.yml, group=DEFAULT_GROUP, cnt=1
2022-07-02 20:42:18.800 [RMI TCP Connection(2)-10.254.9.106] INFO  o.a.c.c.C.[Tomcat].[localhost].[/] - Initializing Spring DispatcherServlet 'dispatcherServlet'
2022-07-02 20:42:18.800 [RMI TCP Connection(2)-10.254.9.106] INFO  o.s.web.servlet.DispatcherServlet - Initializing Servlet 'dispatcherServlet'
2022-07-02 20:42:18.808 [RMI TCP Connection(2)-10.254.9.106] INFO  o.s.web.servlet.DispatcherServlet - Completed initialization in 8 ms
2022-07-02 20:42:18.813 [RMI TCP Connection(1)-10.254.9.106] INFO  com.zaxxer.hikari.HikariDataSource - HikariPool-1 - Starting...
2022-07-02 20:42:18.814 [RMI TCP Connection(1)-10.254.9.106] WARN  c.z.hikari.util.DriverDataSource - Registered driver with driverClassName=com.mysql.jdbc.Driver was not found, trying direct instantiation.
2022-07-02 20:42:19.223 [com.alibaba.nacos.client.naming.updater] INFO  com.alibaba.nacos.client.naming - new ips(1) service: DEFAULT_GROUP@@leadnews-user@@DEFAULT -> [{"instanceId":"192.168.28.1#51801#DEFAULT#DEFAULT_GROUP@@leadnews-user","ip":"192.168.28.1","port":51801,"weight":1.0,"healthy":true,"enabled":true,"ephemeral":true,"clusterName":"DEFAULT","serviceName":"DEFAULT_GROUP@@leadnews-user","metadata":{"preserved.register.source":"SPRING_CLOUD"},"ipDeleteTimeout":30000,"instanceHeartBeatTimeOut":15000,"instanceHeartBeatInterval":5000}]
2022-07-02 20:42:19.234 [com.alibaba.nacos.client.naming.updater] INFO  com.alibaba.nacos.client.naming - current ips:(1) service: DEFAULT_GROUP@@leadnews-user@@DEFAULT -> [{"instanceId":"192.168.28.1#51801#DEFAULT#DEFAULT_GROUP@@leadnews-user","ip":"192.168.28.1","port":51801,"weight":1.0,"healthy":true,"enabled":true,"ephemeral":true,"clusterName":"DEFAULT","serviceName":"DEFAULT_GROUP@@leadnews-user","metadata":{"preserved.register.source":"SPRING_CLOUD"},"ipDeleteTimeout":30000,"instanceHeartBeatTimeOut":15000,"instanceHeartBeatInterval":5000}]
2022-07-02 20:42:19.250 [com.alibaba.nacos.naming.push.receiver] INFO  com.alibaba.nacos.client.naming - received push data: {"type":"dom","data":"{\"metadata\":{},\"dom\":\"DEFAULT_GROUP@@leadnews-user\",\"cacheMillis\":10000,\"useSpecifiedURL\":false,\"hosts\":[{\"valid\":true,\"marked\":false,\"metadata\":{\"preserved.register.source\":\"SPRING_CLOUD\"},\"instanceId\":\"192.168.28.1#51801#DEFAULT#DEFAULT_GROUP@@leadnews-user\",\"port\":51801,\"healthy\":true,\"ip\":\"192.168.28.1\",\"clusterName\":\"DEFAULT\",\"weight\":1.0,\"ephemeral\":true,\"serviceName\":\"DEFAULT_GROUP@@leadnews-user\",\"enabled\":true}],\"name\":\"DEFAULT_GROUP@@leadnews-user\",\"checksum\":\"36ac1cb046460e09f7e3cfcc8e077613\",\"lastRefTime\":1656765739421,\"env\":\"\",\"clusters\":\"DEFAULT\"}","lastRefTime":38237564198681} from /10.254.9.106
2022-07-02 20:42:19.334 [RMI TCP Connection(1)-10.254.9.106] INFO  com.zaxxer.hikari.HikariDataSource - HikariPool-1 - Start completed.
2022-07-02 21:12:02.198 [com.alibaba.nacos.naming.beat.sender] ERROR com.alibaba.nacos.client.naming - [NA] failed to request
java.net.SocketTimeoutException: connect timed out
	at java.net.DualStackPlainSocketImpl.waitForConnect(Native Method)
	at java.net.DualStackPlainSocketImpl.socketConnect(DualStackPlainSocketImpl.java:81)
	at java.net.AbstractPlainSocketImpl.doConnect(AbstractPlainSocketImpl.java:476)
	at java.net.AbstractPlainSocketImpl.connectToAddress(AbstractPlainSocketImpl.java:218)
	at java.net.AbstractPlainSocketImpl.connect(AbstractPlainSocketImpl.java:200)
	at java.net.PlainSocketImpl.connect(PlainSocketImpl.java:162)
	at java.net.SocksSocketImpl.connect(SocksSocketImpl.java:394)
	at java.net.Socket.connect(Socket.java:606)
	at sun.net.NetworkClient.doConnect(NetworkClient.java:175)
	at sun.net.www.http.HttpClient.openServer(HttpClient.java:463)
	at sun.net.www.http.HttpClient.openServer(HttpClient.java:558)
	at sun.net.www.http.HttpClient.<init>(HttpClient.java:242)
	at sun.net.www.http.HttpClient.New(HttpClient.java:339)
	at sun.net.www.http.HttpClient.New(HttpClient.java:357)
	at sun.net.www.protocol.http.HttpURLConnection.getNewHttpClient(HttpURLConnection.java:1240)
	at sun.net.www.protocol.http.HttpURLConnection.plainConnect0(HttpURLConnection.java:1167)
	at sun.net.www.protocol.http.HttpURLConnection.plainConnect(HttpURLConnection.java:1061)
	at sun.net.www.protocol.http.HttpURLConnection.connect(HttpURLConnection.java:995)
	at com.alibaba.nacos.common.http.client.request.JdkHttpClientRequest.execute(JdkHttpClientRequest.java:112)
	at com.alibaba.nacos.common.http.client.NacosRestTemplate.execute(NacosRestTemplate.java:482)
	at com.alibaba.nacos.common.http.client.NacosRestTemplate.exchangeForm(NacosRestTemplate.java:427)
	at com.alibaba.nacos.client.naming.net.NamingProxy.callServer(NamingProxy.java:603)
	at com.alibaba.nacos.client.naming.net.NamingProxy.reqApi(NamingProxy.java:526)
	at com.alibaba.nacos.client.naming.net.NamingProxy.reqApi(NamingProxy.java:498)
	at com.alibaba.nacos.client.naming.net.NamingProxy.sendBeat(NamingProxy.java:433)
	at com.alibaba.nacos.client.naming.beat.BeatReactor$BeatTask.run(BeatReactor.java:167)
	at java.util.concurrent.Executors$RunnableAdapter.call(Executors.java:511)
	at java.util.concurrent.FutureTask.run(FutureTask.java:266)
	at java.util.concurrent.ScheduledThreadPoolExecutor$ScheduledFutureTask.access$201(ScheduledThreadPoolExecutor.java:180)
	at java.util.concurrent.ScheduledThreadPoolExecutor$ScheduledFutureTask.run(ScheduledThreadPoolExecutor.java:293)
	at java.util.concurrent.ThreadPoolExecutor.runWorker(ThreadPoolExecutor.java:1149)
	at java.util.concurrent.ThreadPoolExecutor$Worker.run(ThreadPoolExecutor.java:624)
	at java.lang.Thread.run(Thread.java:750)
2022-07-02 21:12:02.901 [com.alibaba.nacos.client.naming.updater] ERROR com.alibaba.nacos.client.naming - [NA] failed to request
java.net.SocketTimeoutException: connect timed out
	at java.net.DualStackPlainSocketImpl.waitForConnect(Native Method)
	at java.net.DualStackPlainSocketImpl.socketConnect(DualStackPlainSocketImpl.java:81)
	at java.net.AbstractPlainSocketImpl.doConnect(AbstractPlainSocketImpl.java:476)
	at java.net.AbstractPlainSocketImpl.connectToAddress(AbstractPlainSocketImpl.java:218)
	at java.net.AbstractPlainSocketImpl.connect(AbstractPlainSocketImpl.java:200)
	at java.net.PlainSocketImpl.connect(PlainSocketImpl.java:162)
	at java.net.SocksSocketImpl.connect(SocksSocketImpl.java:394)
	at java.net.Socket.connect(Socket.java:606)
	at sun.net.NetworkClient.doConnect(NetworkClient.java:175)
	at sun.net.www.http.HttpClient.openServer(HttpClient.java:463)
	at sun.net.www.http.HttpClient.openServer(HttpClient.java:558)
	at sun.net.www.http.HttpClient.<init>(HttpClient.java:242)
	at sun.net.www.http.HttpClient.New(HttpClient.java:339)
	at sun.net.www.http.HttpClient.New(HttpClient.java:357)
	at sun.net.www.protocol.http.HttpURLConnection.getNewHttpClient(HttpURLConnection.java:1240)
	at sun.net.www.protocol.http.HttpURLConnection.plainConnect0(HttpURLConnection.java:1167)
	at sun.net.www.protocol.http.HttpURLConnection.plainConnect(HttpURLConnection.java:1061)
	at sun.net.www.protocol.http.HttpURLConnection.connect(HttpURLConnection.java:995)
	at com.alibaba.nacos.common.http.client.request.JdkHttpClientRequest.execute(JdkHttpClientRequest.java:112)
	at com.alibaba.nacos.common.http.client.NacosRestTemplate.execute(NacosRestTemplate.java:482)
	at com.alibaba.nacos.common.http.client.NacosRestTemplate.exchangeForm(NacosRestTemplate.java:427)
	at com.alibaba.nacos.client.naming.net.NamingProxy.callServer(NamingProxy.java:603)
	at com.alibaba.nacos.client.naming.net.NamingProxy.reqApi(NamingProxy.java:526)
	at com.alibaba.nacos.client.naming.net.NamingProxy.reqApi(NamingProxy.java:498)
	at com.alibaba.nacos.client.naming.net.NamingProxy.reqApi(NamingProxy.java:493)
	at com.alibaba.nacos.client.naming.net.NamingProxy.queryList(NamingProxy.java:407)
	at com.alibaba.nacos.client.naming.core.HostReactor.updateService(HostReactor.java:378)
	at com.alibaba.nacos.client.naming.core.HostReactor$UpdateTask.run(HostReactor.java:460)
	at java.util.concurrent.Executors$RunnableAdapter.call(Executors.java:511)
	at java.util.concurrent.FutureTask.run(FutureTask.java:266)
	at java.util.concurrent.ScheduledThreadPoolExecutor$ScheduledFutureTask.access$201(ScheduledThreadPoolExecutor.java:180)
	at java.util.concurrent.ScheduledThreadPoolExecutor$ScheduledFutureTask.run(ScheduledThreadPoolExecutor.java:293)
	at java.util.concurrent.ThreadPoolExecutor.runWorker(ThreadPoolExecutor.java:1149)
	at java.util.concurrent.ThreadPoolExecutor$Worker.run(ThreadPoolExecutor.java:624)
	at java.lang.Thread.run(Thread.java:750)
2022-07-02 21:12:05.200 [com.alibaba.nacos.naming.beat.sender] ERROR com.alibaba.nacos.client.naming - [NA] failed to request
java.net.SocketTimeoutException: connect timed out
	at java.net.DualStackPlainSocketImpl.waitForConnect(Native Method)
	at java.net.DualStackPlainSocketImpl.socketConnect(DualStackPlainSocketImpl.java:81)
	at java.net.AbstractPlainSocketImpl.doConnect(AbstractPlainSocketImpl.java:476)
	at java.net.AbstractPlainSocketImpl.connectToAddress(AbstractPlainSocketImpl.java:218)
	at java.net.AbstractPlainSocketImpl.connect(AbstractPlainSocketImpl.java:200)
	at java.net.PlainSocketImpl.connect(PlainSocketImpl.java:162)
	at java.net.SocksSocketImpl.connect(SocksSocketImpl.java:394)
	at java.net.Socket.connect(Socket.java:606)
	at sun.net.NetworkClient.doConnect(NetworkClient.java:175)
	at sun.net.www.http.HttpClient.openServer(HttpClient.java:463)
	at sun.net.www.http.HttpClient.openServer(HttpClient.java:558)
	at sun.net.www.http.HttpClient.<init>(HttpClient.java:242)
	at sun.net.www.http.HttpClient.New(HttpClient.java:339)
	at sun.net.www.http.HttpClient.New(HttpClient.java:357)
	at sun.net.www.protocol.http.HttpURLConnection.getNewHttpClient(HttpURLConnection.java:1240)
	at sun.net.www.protocol.http.HttpURLConnection.plainConnect0(HttpURLConnection.java:1167)
	at sun.net.www.protocol.http.HttpURLConnection.plainConnect(HttpURLConnection.java:1061)
	at sun.net.www.protocol.http.HttpURLConnection.connect(HttpURLConnection.java:995)
	at com.alibaba.nacos.common.http.client.request.JdkHttpClientRequest.execute(JdkHttpClientRequest.java:112)
	at com.alibaba.nacos.common.http.client.NacosRestTemplate.execute(NacosRestTemplate.java:482)
	at com.alibaba.nacos.common.http.client.NacosRestTemplate.exchangeForm(NacosRestTemplate.java:427)
	at com.alibaba.nacos.client.naming.net.NamingProxy.callServer(NamingProxy.java:603)
	at com.alibaba.nacos.client.naming.net.NamingProxy.reqApi(NamingProxy.java:526)
	at com.alibaba.nacos.client.naming.net.NamingProxy.reqApi(NamingProxy.java:498)
	at com.alibaba.nacos.client.naming.net.NamingProxy.sendBeat(NamingProxy.java:433)
	at com.alibaba.nacos.client.naming.beat.BeatReactor$BeatTask.run(BeatReactor.java:167)
	at java.util.concurrent.Executors$RunnableAdapter.call(Executors.java:511)
	at java.util.concurrent.FutureTask.run(FutureTask.java:266)
	at java.util.concurrent.ScheduledThreadPoolExecutor$ScheduledFutureTask.access$201(ScheduledThreadPoolExecutor.java:180)
	at java.util.concurrent.ScheduledThreadPoolExecutor$ScheduledFutureTask.run(ScheduledThreadPoolExecutor.java:293)
	at java.util.concurrent.ThreadPoolExecutor.runWorker(ThreadPoolExecutor.java:1149)
	at java.util.concurrent.ThreadPoolExecutor$Worker.run(ThreadPoolExecutor.java:624)
	at java.lang.Thread.run(Thread.java:750)
2022-07-02 21:12:14.205 [com.alibaba.nacos.naming.beat.sender] ERROR com.alibaba.nacos.client.naming - [NA] failed to request
java.net.SocketTimeoutException: connect timed out
	at java.net.DualStackPlainSocketImpl.waitForConnect(Native Method)
	at java.net.DualStackPlainSocketImpl.socketConnect(DualStackPlainSocketImpl.java:81)
	at java.net.AbstractPlainSocketImpl.doConnect(AbstractPlainSocketImpl.java:476)
	at java.net.AbstractPlainSocketImpl.connectToAddress(AbstractPlainSocketImpl.java:218)
	at java.net.AbstractPlainSocketImpl.connect(AbstractPlainSocketImpl.java:200)
	at java.net.PlainSocketImpl.connect(PlainSocketImpl.java:162)
	at java.net.SocksSocketImpl.connect(SocksSocketImpl.java:394)
	at java.net.Socket.connect(Socket.java:606)
	at sun.net.NetworkClient.doConnect(NetworkClient.java:175)
	at sun.net.www.http.HttpClient.openServer(HttpClient.java:463)
	at sun.net.www.http.HttpClient.openServer(HttpClient.java:558)
	at sun.net.www.http.HttpClient.<init>(HttpClient.java:242)
	at sun.net.www.http.HttpClient.New(HttpClient.java:339)
	at sun.net.www.http.HttpClient.New(HttpClient.java:357)
	at sun.net.www.protocol.http.HttpURLConnection.getNewHttpClient(HttpURLConnection.java:1240)
	at sun.net.www.protocol.http.HttpURLConnection.plainConnect0(HttpURLConnection.java:1167)
	at sun.net.www.protocol.http.HttpURLConnection.plainConnect(HttpURLConnection.java:1061)
	at sun.net.www.protocol.http.HttpURLConnection.connect(HttpURLConnection.java:995)
	at com.alibaba.nacos.common.http.client.request.JdkHttpClientRequest.execute(JdkHttpClientRequest.java:112)
	at com.alibaba.nacos.common.http.client.NacosRestTemplate.execute(NacosRestTemplate.java:482)
	at com.alibaba.nacos.common.http.client.NacosRestTemplate.exchangeForm(NacosRestTemplate.java:427)
	at com.alibaba.nacos.client.naming.net.NamingProxy.callServer(NamingProxy.java:603)
	at com.alibaba.nacos.client.naming.net.NamingProxy.reqApi(NamingProxy.java:526)
	at com.alibaba.nacos.client.naming.net.NamingProxy.reqApi(NamingProxy.java:498)
	at com.alibaba.nacos.client.naming.net.NamingProxy.sendBeat(NamingProxy.java:433)
	at com.alibaba.nacos.client.naming.beat.BeatReactor$BeatTask.run(BeatReactor.java:167)
	at java.util.concurrent.Executors$RunnableAdapter.call(Executors.java:511)
	at java.util.concurrent.FutureTask.run(FutureTask.java:266)
	at java.util.concurrent.ScheduledThreadPoolExecutor$ScheduledFutureTask.access$201(ScheduledThreadPoolExecutor.java:180)
	at java.util.concurrent.ScheduledThreadPoolExecutor$ScheduledFutureTask.run(ScheduledThreadPoolExecutor.java:293)
	at java.util.concurrent.ThreadPoolExecutor.runWorker(ThreadPoolExecutor.java:1149)
	at java.util.concurrent.ThreadPoolExecutor$Worker.run(ThreadPoolExecutor.java:624)
	at java.lang.Thread.run(Thread.java:750)
2022-07-02 21:21:17.916 [Thread-25] WARN  c.a.nacos.common.notify.NotifyCenter - [NotifyCenter] Start destroying Publisher
2022-07-02 21:21:17.916 [Thread-7] WARN  c.a.n.c.http.HttpClientBeanHolder - [HttpClientBeanHolder] Start destroying common HttpClient
2022-07-02 21:21:17.917 [Thread-25] WARN  c.a.nacos.common.notify.NotifyCenter - [NotifyCenter] Destruction of the end
2022-07-02 21:21:17.918 [Thread-7] WARN  c.a.n.c.http.HttpClientBeanHolder - [HttpClientBeanHolder] Destruction of the end
2022-07-02 21:21:18.100 [SpringContextShutdownHook] INFO  o.s.s.c.ThreadPoolTaskScheduler - Shutting down ExecutorService 'Nacos-Watch-Task-Scheduler'
2022-07-02 21:21:18.103 [SpringContextShutdownHook] INFO  c.a.c.n.r.NacosServiceRegistry - De-registering from Nacos Server now...
2022-07-02 21:21:18.104 [SpringContextShutdownHook] INFO  com.alibaba.nacos.client.naming - [BEAT] removing beat: DEFAULT_GROUP@@leadnews-user:192.168.28.1:51801 from beat map.
2022-07-02 21:21:18.104 [SpringContextShutdownHook] INFO  com.alibaba.nacos.client.naming - [DEREGISTER-SERVICE] public deregistering service DEFAULT_GROUP@@leadnews-user with instance: Instance{instanceId='null', ip='192.168.28.1', port=51801, weight=1.0, healthy=true, enabled=true, ephemeral=true, clusterName='DEFAULT', serviceName='null', metadata={}}
2022-07-02 21:21:18.116 [SpringContextShutdownHook] INFO  c.a.c.n.r.NacosServiceRegistry - De-registration finished.
2022-07-02 21:21:18.117 [SpringContextShutdownHook] INFO  com.alibaba.nacos.client.naming - com.alibaba.nacos.client.naming.beat.BeatReactor do shutdown begin
2022-07-02 21:21:21.117 [SpringContextShutdownHook] INFO  com.alibaba.nacos.client.naming - com.alibaba.nacos.client.naming.beat.BeatReactor do shutdown stop
2022-07-02 21:21:21.118 [SpringContextShutdownHook] INFO  com.alibaba.nacos.client.naming - com.alibaba.nacos.client.naming.core.HostReactor do shutdown begin
2022-07-02 21:21:24.119 [SpringContextShutdownHook] INFO  com.alibaba.nacos.client.naming - com.alibaba.nacos.client.naming.core.PushReceiver do shutdown begin
2022-07-02 21:21:27.120 [SpringContextShutdownHook] INFO  com.alibaba.nacos.client.naming - com.alibaba.nacos.client.naming.core.PushReceiver do shutdown stop
2022-07-02 21:21:27.120 [SpringContextShutdownHook] INFO  com.alibaba.nacos.client.naming - com.alibaba.nacos.client.naming.backups.FailoverReactor do shutdown begin
2022-07-02 21:21:27.120 [SpringContextShutdownHook] INFO  com.alibaba.nacos.client.naming - com.alibaba.nacos.client.naming.backups.FailoverReactor do shutdown stop
2022-07-02 21:21:27.120 [SpringContextShutdownHook] INFO  com.alibaba.nacos.client.naming - com.alibaba.nacos.client.naming.core.HostReactor do shutdown stop
2022-07-02 21:21:27.120 [SpringContextShutdownHook] INFO  com.alibaba.nacos.client.naming - com.alibaba.nacos.client.naming.net.NamingProxy do shutdown begin
2022-07-02 21:21:27.121 [SpringContextShutdownHook] WARN  com.alibaba.nacos.client.naming - [NamingHttpClientManager] Start destroying NacosRestTemplate
2022-07-02 21:21:27.121 [SpringContextShutdownHook] WARN  com.alibaba.nacos.client.naming - [NamingHttpClientManager] Destruction of the end
2022-07-02 21:21:27.121 [SpringContextShutdownHook] INFO  c.a.n.c.identify.CredentialWatcher - [null] CredentialWatcher is stopped
2022-07-02 21:21:27.121 [SpringContextShutdownHook] INFO  c.a.n.c.identify.CredentialService - [null] CredentialService is freed
2022-07-02 21:21:27.121 [SpringContextShutdownHook] INFO  com.alibaba.nacos.client.naming - com.alibaba.nacos.client.naming.net.NamingProxy do shutdown stop
2022-07-02 21:21:27.121 [SpringContextShutdownHook] WARN  o.s.b.f.s.DisposableBeanAdapter - Destroy method 'close' on bean with name 'nacosServiceRegistry' threw an exception: java.lang.NullPointerException
2022-07-02 21:21:27.122 [SpringContextShutdownHook] INFO  o.s.s.c.ThreadPoolTaskExecutor - Shutting down ExecutorService 'applicationTaskExecutor'
2022-07-02 21:21:27.125 [SpringContextShutdownHook] INFO  com.zaxxer.hikari.HikariDataSource - HikariPool-1 - Shutdown initiated...
2022-07-02 21:21:27.131 [SpringContextShutdownHook] INFO  com.zaxxer.hikari.HikariDataSource - HikariPool-1 - Shutdown completed.
2022-07-02 23:46:37.969 [main] INFO  c.a.n.c.c.i.LocalConfigInfoProcessor - LOCAL_SNAPSHOT_PATH:C:\Users\zle09\nacos\config
2022-07-02 23:46:37.998 [main] INFO  c.a.nacos.client.config.impl.Limiter - limitTime:5.0
2022-07-02 23:46:38.027 [main] INFO  c.a.n.client.config.utils.JvmUtil - isMultiInstance:false
2022-07-02 23:46:38.049 [main] WARN  c.a.c.n.c.NacosPropertySourceBuilder - Ignore the empty nacos configuration and get it based on dataId[leadnews-user.yml] & group[DEFAULT_GROUP]
2022-07-02 23:46:38.050 [main] INFO  o.s.c.b.c.PropertySourceBootstrapConfiguration - Located property source: [BootstrapPropertySource {name='bootstrapProperties-leadnews-user.yml,DEFAULT_GROUP'}, BootstrapPropertySource {name='bootstrapProperties-leadnews-user,DEFAULT_GROUP'}]
2022-07-02 23:46:38.054 [main] INFO  com.heima.user.UserApplication - No active profile set, falling back to default profiles: default
2022-07-02 23:46:38.886 [main] WARN  o.s.boot.actuate.endpoint.EndpointId - Endpoint ID 'service-registry' contains invalid characters, please migrate to a valid format.
2022-07-02 23:46:39.010 [main] INFO  o.s.cloud.context.scope.GenericScope - BeanFactory id=6b6f3dfc-564a-3137-9aa3-50192f77bab7
2022-07-02 23:46:39.494 [main] INFO  o.s.b.w.e.tomcat.TomcatWebServer - Tomcat initialized with port(s): 51801 (http)
2022-07-02 23:46:39.505 [main] INFO  o.a.coyote.http11.Http11NioProtocol - Initializing ProtocolHandler ["http-nio-51801"]
2022-07-02 23:46:39.505 [main] INFO  o.a.catalina.core.StandardService - Starting service [Tomcat]
2022-07-02 23:46:39.505 [main] INFO  o.a.catalina.core.StandardEngine - Starting Servlet engine: [Apache Tomcat/9.0.43]
2022-07-02 23:46:39.640 [main] INFO  o.a.c.c.C.[Tomcat].[localhost].[/] - Initializing Spring embedded WebApplicationContext
2022-07-02 23:46:39.640 [main] INFO  o.s.b.w.s.c.ServletWebServerApplicationContext - Root WebApplicationContext: initialization completed in 1569 ms
2022-07-02 23:46:40.364 [main] WARN  c.n.c.sources.URLConfigurationSource - No URLs will be polled as dynamic configuration sources.
2022-07-02 23:46:40.364 [main] INFO  c.n.c.sources.URLConfigurationSource - To enable URLs as dynamic configuration sources, define System property archaius.configurationSource.additionalUrls or make config.properties available on classpath.
2022-07-02 23:46:40.370 [main] WARN  c.n.c.sources.URLConfigurationSource - No URLs will be polled as dynamic configuration sources.
2022-07-02 23:46:40.370 [main] INFO  c.n.c.sources.URLConfigurationSource - To enable URLs as dynamic configuration sources, define System property archaius.configurationSource.additionalUrls or make config.properties available on classpath.
2022-07-02 23:46:40.562 [main] INFO  o.s.s.c.ThreadPoolTaskExecutor - Initializing ExecutorService 'applicationTaskExecutor'
2022-07-02 23:46:41.885 [main] INFO  o.s.cloud.commons.util.InetUtils - Cannot determine local hostname
2022-07-02 23:46:41.890 [main] INFO  o.s.s.c.ThreadPoolTaskScheduler - Initializing ExecutorService 'Nacos-Watch-Task-Scheduler'
2022-07-02 23:46:41.896 [main] INFO  com.alibaba.nacos.client.naming - initializer namespace from System Property :null
2022-07-02 23:46:41.897 [main] INFO  com.alibaba.nacos.client.naming - initializer namespace from System Environment :null
2022-07-02 23:46:41.897 [main] INFO  com.alibaba.nacos.client.naming - initializer namespace from System Property :null
2022-07-02 23:46:43.378 [main] INFO  o.s.cloud.commons.util.InetUtils - Cannot determine local hostname
2022-07-02 23:46:43.418 [main] INFO  o.s.b.a.e.web.EndpointLinksResolver - Exposing 2 endpoint(s) beneath base path '/actuator'
2022-07-02 23:46:43.567 [main] INFO  o.a.coyote.http11.Http11NioProtocol - Starting ProtocolHandler ["http-nio-51801"]
2022-07-02 23:46:43.588 [main] INFO  o.s.b.w.e.tomcat.TomcatWebServer - Tomcat started on port(s): 51801 (http) with context path ''
2022-07-02 23:46:43.592 [main] INFO  com.alibaba.nacos.client.naming - [BEAT] adding beat: BeatInfo{port=51801, ip='192.168.28.1', weight=1.0, serviceName='DEFAULT_GROUP@@leadnews-user', cluster='DEFAULT', metadata={preserved.register.source=SPRING_CLOUD}, scheduled=false, period=5000, stopped=false} to beat map.
2022-07-02 23:46:43.593 [main] INFO  com.alibaba.nacos.client.naming - [REGISTER-SERVICE] public registering service DEFAULT_GROUP@@leadnews-user with instance: Instance{instanceId='null', ip='192.168.28.1', port=51801, weight=1.0, healthy=true, enabled=true, ephemeral=true, clusterName='DEFAULT', serviceName='null', metadata={preserved.register.source=SPRING_CLOUD}}
2022-07-02 23:46:43.695 [main] INFO  c.a.c.n.r.NacosServiceRegistry - nacos registry, DEFAULT_GROUP leadnews-user 192.168.28.1:51801 register finished
2022-07-02 23:46:44.591 [com.alibaba.nacos.client.naming.updater] INFO  com.alibaba.nacos.client.naming - new ips(1) service: DEFAULT_GROUP@@leadnews-user@@DEFAULT -> [{"instanceId":"192.168.28.1#51801#DEFAULT#DEFAULT_GROUP@@leadnews-user","ip":"192.168.28.1","port":51801,"weight":1.0,"healthy":true,"enabled":true,"ephemeral":true,"clusterName":"DEFAULT","serviceName":"DEFAULT_GROUP@@leadnews-user","metadata":{"preserved.register.source":"SPRING_CLOUD"},"ipDeleteTimeout":30000,"instanceHeartBeatTimeOut":15000,"instanceHeartBeatInterval":5000}]
2022-07-02 23:46:44.600 [com.alibaba.nacos.client.naming.updater] INFO  com.alibaba.nacos.client.naming - current ips:(1) service: DEFAULT_GROUP@@leadnews-user@@DEFAULT -> [{"instanceId":"192.168.28.1#51801#DEFAULT#DEFAULT_GROUP@@leadnews-user","ip":"192.168.28.1","port":51801,"weight":1.0,"healthy":true,"enabled":true,"ephemeral":true,"clusterName":"DEFAULT","serviceName":"DEFAULT_GROUP@@leadnews-user","metadata":{"preserved.register.source":"SPRING_CLOUD"},"ipDeleteTimeout":30000,"instanceHeartBeatTimeOut":15000,"instanceHeartBeatInterval":5000}]
2022-07-02 23:46:44.723 [com.alibaba.nacos.naming.push.receiver] INFO  com.alibaba.nacos.client.naming - received push data: {"type":"dom","data":"{\"metadata\":{},\"dom\":\"DEFAULT_GROUP@@leadnews-user\",\"cacheMillis\":10000,\"useSpecifiedURL\":false,\"hosts\":[{\"valid\":true,\"marked\":false,\"metadata\":{\"preserved.register.source\":\"SPRING_CLOUD\"},\"instanceId\":\"192.168.28.1#51801#DEFAULT#DEFAULT_GROUP@@leadnews-user\",\"port\":51801,\"healthy\":true,\"ip\":\"192.168.28.1\",\"clusterName\":\"DEFAULT\",\"weight\":1.0,\"ephemeral\":true,\"serviceName\":\"DEFAULT_GROUP@@leadnews-user\",\"enabled\":true}],\"name\":\"DEFAULT_GROUP@@leadnews-user\",\"checksum\":\"36ac1cb046460e09f7e3cfcc8e077613\",\"lastRefTime\":1656776805013,\"env\":\"\",\"clusters\":\"DEFAULT\"}","lastRefTime":2322438672583} from /192.168.31.16
2022-07-02 23:46:44.851 [main] INFO  o.s.cloud.commons.util.InetUtils - Cannot determine local hostname
2022-07-02 23:46:44.862 [main] INFO  com.heima.user.UserApplication - Started UserApplication in 10.525 seconds (JVM running for 13.096)
2022-07-02 23:46:44.873 [main] INFO  c.a.n.c.config.impl.ClientWorker - [fixed-192.168.200.130_8848] [subscribe] leadnews-user+DEFAULT_GROUP
2022-07-02 23:46:44.875 [main] INFO  c.a.n.client.config.impl.CacheData - [fixed-192.168.200.130_8848] [add-listener] ok, tenant=, dataId=leadnews-user, group=DEFAULT_GROUP, cnt=1
2022-07-02 23:46:44.875 [main] INFO  c.a.n.c.config.impl.ClientWorker - [fixed-192.168.200.130_8848] [subscribe] leadnews-user.yml+DEFAULT_GROUP
2022-07-02 23:46:44.875 [main] INFO  c.a.n.client.config.impl.CacheData - [fixed-192.168.200.130_8848] [add-listener] ok, tenant=, dataId=leadnews-user.yml, group=DEFAULT_GROUP, cnt=1
2022-07-02 23:46:45.347 [RMI TCP Connection(1)-192.168.31.16] INFO  com.zaxxer.hikari.HikariDataSource - HikariPool-1 - Starting...
2022-07-02 23:46:45.349 [RMI TCP Connection(1)-192.168.31.16] WARN  c.z.hikari.util.DriverDataSource - Registered driver with driverClassName=com.mysql.jdbc.Driver was not found, trying direct instantiation.
2022-07-02 23:46:45.544 [RMI TCP Connection(3)-192.168.31.16] INFO  o.a.c.c.C.[Tomcat].[localhost].[/] - Initializing Spring DispatcherServlet 'dispatcherServlet'
2022-07-02 23:46:45.544 [RMI TCP Connection(3)-192.168.31.16] INFO  o.s.web.servlet.DispatcherServlet - Initializing Servlet 'dispatcherServlet'
2022-07-02 23:46:45.553 [RMI TCP Connection(3)-192.168.31.16] INFO  o.s.web.servlet.DispatcherServlet - Completed initialization in 9 ms
2022-07-02 23:46:46.167 [RMI TCP Connection(1)-192.168.31.16] INFO  com.zaxxer.hikari.HikariDataSource - HikariPool-1 - Start completed.
